<?xml version="1.0" encoding="UTF-8"?>
<!-- Generated by org.testng.reporters.JUnitReportReporter -->
<testsuite hostname="LAPTOP-0KCN5936" failures="0" tests="1" name="org.pageexecution.PropertySearchPageExecution" time="27.917" errors="0" timestamp="14 Apr 2022 15:40:25 GMT" skipped="0">
  <testcase classname="org.pageexecution.PropertySearchPageExecution" name="test1" time="27.917"/>
</testsuite> <!-- org.pageexecution.PropertySearchPageExecution -->
