<?xml version="1.0" encoding="UTF-8"?>
<!-- Generated by org.testng.reporters.JUnitReportReporter -->
<testsuite hostname="LAPTOP-0KCN5936" failures="0" tests="1" name="org.pageexecution.PropertySearchPageExecution" time="12.698" errors="0" timestamp="10 Apr 2022 08:08:07 GMT" skipped="0">
  <testcase classname="org.pageexecution.PropertySearchPageExecution" name="test1" time="12.698"/>
</testsuite> <!-- org.pageexecution.PropertySearchPageExecution -->
